mode: set
github.com/YanSystems/compiler/cmd/api/api.go:18.43,31.69 3 1
github.com/YanSystems/compiler/cmd/api/api.go:31.69,34.3 2 1
github.com/YanSystems/compiler/cmd/api/api.go:37.2,39.15 2 1
github.com/YanSystems/compiler/cmd/api/api.go:42.43,50.2 3 1
github.com/YanSystems/compiler/cmd/api/api.go:52.43,56.16 3 0
github.com/YanSystems/compiler/cmd/api/api.go:56.16,59.3 2 0
github.com/YanSystems/compiler/cmd/api/main.go:3.13,10.2 3 0
github.com/YanSystems/compiler/pkg/utils/json.go:16.71,23.16 5 1
github.com/YanSystems/compiler/pkg/utils/json.go:23.16,25.3 1 1
github.com/YanSystems/compiler/pkg/utils/json.go:27.2,28.19 2 1
github.com/YanSystems/compiler/pkg/utils/json.go:28.19,30.3 1 1
github.com/YanSystems/compiler/pkg/utils/json.go:32.2,32.12 1 1
github.com/YanSystems/compiler/pkg/utils/json.go:35.91,37.16 2 1
github.com/YanSystems/compiler/pkg/utils/json.go:37.16,39.3 1 1
github.com/YanSystems/compiler/pkg/utils/json.go:41.2,41.22 1 1
github.com/YanSystems/compiler/pkg/utils/json.go:41.22,42.38 1 1
github.com/YanSystems/compiler/pkg/utils/json.go:42.38,44.4 1 1
github.com/YanSystems/compiler/pkg/utils/json.go:47.2,50.16 4 1
github.com/YanSystems/compiler/pkg/utils/json.go:50.16,52.3 1 1
github.com/YanSystems/compiler/pkg/utils/json.go:54.2,54.12 1 1
github.com/YanSystems/compiler/pkg/utils/json.go:57.71,60.21 2 1
github.com/YanSystems/compiler/pkg/utils/json.go:60.21,62.3 1 1
github.com/YanSystems/compiler/pkg/utils/json.go:64.2,68.42 4 1
github.com/YanSystems/compiler/pkg/services/compiler.go:12.66,15.16 3 1
github.com/YanSystems/compiler/pkg/services/compiler.go:15.16,19.3 3 1
github.com/YanSystems/compiler/pkg/services/compiler.go:21.2,21.65 1 1
github.com/YanSystems/compiler/pkg/services/compiler.go:21.65,26.3 4 1
github.com/YanSystems/compiler/pkg/services/compiler.go:28.2,29.16 2 1
github.com/YanSystems/compiler/pkg/services/compiler.go:29.16,33.3 3 0
github.com/YanSystems/compiler/pkg/services/compiler.go:35.2,41.52 2 1
github.com/YanSystems/compiler/pkg/compiler/compiler.go:16.52,20.16 3 1
github.com/YanSystems/compiler/pkg/compiler/compiler.go:21.16,22.34 1 1
github.com/YanSystems/compiler/pkg/compiler/compiler.go:23.10,28.12 2 1
github.com/YanSystems/compiler/pkg/compiler/compiler.go:31.2,31.20 1 1
github.com/YanSystems/compiler/pkg/compiler/python.go:9.58,18.16 8 1
github.com/YanSystems/compiler/pkg/compiler/python.go:18.16,23.3 1 1
github.com/YanSystems/compiler/pkg/compiler/python.go:25.2,28.8 1 1
github.com/YanSystems/compiler/pkg/compiler/python.go:31.43,33.39 2 1
github.com/YanSystems/compiler/pkg/compiler/python.go:33.39,35.17 2 1
github.com/YanSystems/compiler/pkg/compiler/python.go:35.17,37.4 1 1
github.com/YanSystems/compiler/pkg/compiler/python.go:39.2,39.31 1 0
