mode: set
github.com/YanSystems/compiler/cmd/api/api.go:18.43,33.69 5 1
github.com/YanSystems/compiler/cmd/api/api.go:33.69,37.3 3 1
github.com/YanSystems/compiler/cmd/api/api.go:38.2,44.15 4 1
github.com/YanSystems/compiler/cmd/api/api.go:47.43,57.2 5 1
github.com/YanSystems/compiler/cmd/api/api.go:59.43,63.16 3 0
github.com/YanSystems/compiler/cmd/api/api.go:63.16,67.3 3 0
github.com/YanSystems/compiler/cmd/api/main.go:3.13,10.2 3 0
github.com/YanSystems/compiler/pkg/utils/json.go:17.71,25.16 6 1
github.com/YanSystems/compiler/pkg/utils/json.go:25.16,28.3 2 1
github.com/YanSystems/compiler/pkg/utils/json.go:29.2,32.19 3 1
github.com/YanSystems/compiler/pkg/utils/json.go:32.19,36.3 3 1
github.com/YanSystems/compiler/pkg/utils/json.go:38.2,38.12 1 1
github.com/YanSystems/compiler/pkg/utils/json.go:41.91,45.16 3 1
github.com/YanSystems/compiler/pkg/utils/json.go:45.16,48.3 2 1
github.com/YanSystems/compiler/pkg/utils/json.go:49.2,51.22 2 1
github.com/YanSystems/compiler/pkg/utils/json.go:51.22,52.38 1 1
github.com/YanSystems/compiler/pkg/utils/json.go:52.38,54.4 1 1
github.com/YanSystems/compiler/pkg/utils/json.go:55.3,55.58 1 1
github.com/YanSystems/compiler/pkg/utils/json.go:58.2,61.16 4 1
github.com/YanSystems/compiler/pkg/utils/json.go:61.16,64.3 2 1
github.com/YanSystems/compiler/pkg/utils/json.go:66.2,67.12 2 1
github.com/YanSystems/compiler/pkg/utils/json.go:70.71,74.21 3 1
github.com/YanSystems/compiler/pkg/utils/json.go:74.21,77.3 2 1
github.com/YanSystems/compiler/pkg/utils/json.go:79.2,84.42 5 1
github.com/YanSystems/compiler/pkg/services/compiler.go:12.66,17.16 4 1
github.com/YanSystems/compiler/pkg/services/compiler.go:17.16,21.3 3 1
github.com/YanSystems/compiler/pkg/services/compiler.go:22.2,24.65 2 1
github.com/YanSystems/compiler/pkg/services/compiler.go:24.65,29.3 4 1
github.com/YanSystems/compiler/pkg/services/compiler.go:30.2,34.16 4 1
github.com/YanSystems/compiler/pkg/services/compiler.go:34.16,38.3 3 0
github.com/YanSystems/compiler/pkg/services/compiler.go:39.2,49.66 5 1
github.com/YanSystems/compiler/pkg/compiler/compiler.go:19.52,24.16 4 1
github.com/YanSystems/compiler/pkg/compiler/compiler.go:25.16,28.17 3 1
github.com/YanSystems/compiler/pkg/compiler/compiler.go:28.17,30.4 1 0
github.com/YanSystems/compiler/pkg/compiler/compiler.go:30.9,32.4 1 1
github.com/YanSystems/compiler/pkg/compiler/compiler.go:33.10,39.12 3 1
github.com/YanSystems/compiler/pkg/compiler/compiler.go:42.2,43.20 2 1
github.com/YanSystems/compiler/pkg/compiler/python.go:10.58,23.16 10 1
github.com/YanSystems/compiler/pkg/compiler/python.go:23.16,30.3 3 1
github.com/YanSystems/compiler/pkg/compiler/python.go:32.2,36.8 2 1
github.com/YanSystems/compiler/pkg/compiler/python.go:39.43,41.39 2 1
github.com/YanSystems/compiler/pkg/compiler/python.go:41.39,43.17 2 1
github.com/YanSystems/compiler/pkg/compiler/python.go:43.17,45.4 1 1
github.com/YanSystems/compiler/pkg/compiler/python.go:47.2,47.31 1 0
